{"C:\\Users\\HP\\Desktop\\SE_Project\\SE_Project\\server.js": {"path":"C:\\Users\\HP\\Desktop\\SE_Project\\SE_Project\\server.js","statementMap":{"0":{"start":{"line":1,"column":16},"end":{"line":1,"column":34}},"1":{"start":{"line":2,"column":17},"end":{"line":2,"column":36}},"2":{"start":{"line":3,"column":13},"end":{"line":3,"column":28}},"3":{"start":{"line":4,"column":15},"end":{"line":4,"column":32}},"4":{"start":{"line":5,"column":13},"end":{"line":5,"column":28}},"5":{"start":{"line":8,"column":0},"end":{"line":8,"column":16}},"6":{"start":{"line":10,"column":12},"end":{"line":10,"column":21}},"7":{"start":{"line":11,"column":0},"end":{"line":11,"column":24}},"8":{"start":{"line":12,"column":0},"end":{"line":12,"column":16}},"9":{"start":{"line":13,"column":0},"end":{"line":13,"column":69}},"10":{"start":{"line":18,"column":0},"end":{"line":22,"column":1}},"11":{"start":{"line":19,"column":2},"end":{"line":21,"column":67}},"12":{"start":{"line":20,"column":16},"end":{"line":20,"column":51}},"13":{"start":{"line":21,"column":18},"end":{"line":21,"column":65}},"14":{"start":{"line":24,"column":19},"end":{"line":24,"column":43}},"15":{"start":{"line":25,"column":23},"end":{"line":25,"column":52}},"16":{"start":{"line":26,"column":24},"end":{"line":26,"column":54}},"17":{"start":{"line":29,"column":0},"end":{"line":29,"column":33}},"18":{"start":{"line":30,"column":0},"end":{"line":30,"column":43}},"19":{"start":{"line":31,"column":0},"end":{"line":31,"column":45}},"20":{"start":{"line":32,"column":0},"end":{"line":32,"column":53}},"21":{"start":{"line":33,"column":0},"end":{"line":33,"column":65}},"22":{"start":{"line":37,"column":0},"end":{"line":40,"column":1}},"23":{"start":{"line":38,"column":15},"end":{"line":38,"column":39}},"24":{"start":{"line":39,"column":2},"end":{"line":39,"column":75}},"25":{"start":{"line":39,"column":25},"end":{"line":39,"column":73}},"26":{"start":{"line":44,"column":0},"end":{"line":44,"column":21}}},"fnMap":{"0":{"name":"(anonymous_0)","decl":{"start":{"line":20,"column":10},"end":{"line":20,"column":11}},"loc":{"start":{"line":20,"column":16},"end":{"line":20,"column":51}},"line":20},"1":{"name":"(anonymous_1)","decl":{"start":{"line":21,"column":11},"end":{"line":21,"column":12}},"loc":{"start":{"line":21,"column":18},"end":{"line":21,"column":65}},"line":21},"2":{"name":"(anonymous_2)","decl":{"start":{"line":39,"column":19},"end":{"line":39,"column":20}},"loc":{"start":{"line":39,"column":25},"end":{"line":39,"column":73}},"line":39}},"branchMap":{"0":{"loc":{"start":{"line":18,"column":0},"end":{"line":22,"column":1}},"type":"if","locations":[{"start":{"line":18,"column":0},"end":{"line":22,"column":1}},{"start":{},"end":{}}],"line":18},"1":{"loc":{"start":{"line":19,"column":19},"end":{"line":19,"column":86}},"type":"binary-expr","locations":[{"start":{"line":19,"column":19},"end":{"line":19,"column":40}},{"start":{"line":19,"column":44},"end":{"line":19,"column":86}}],"line":19},"2":{"loc":{"start":{"line":37,"column":0},"end":{"line":40,"column":1}},"type":"if","locations":[{"start":{"line":37,"column":0},"end":{"line":40,"column":1}},{"start":{},"end":{}}],"line":37},"3":{"loc":{"start":{"line":38,"column":15},"end":{"line":38,"column":39}},"type":"binary-expr","locations":[{"start":{"line":38,"column":15},"end":{"line":38,"column":31}},{"start":{"line":38,"column":35},"end":{"line":38,"column":39}}],"line":38}},"s":{"0":5,"1":5,"2":5,"3":5,"4":5,"5":5,"6":5,"7":5,"8":5,"9":5,"10":5,"11":0,"12":0,"13":0,"14":5,"15":5,"16":5,"17":5,"18":5,"19":5,"20":5,"21":5,"22":5,"23":0,"24":0,"25":0,"26":5},"f":{"0":0,"1":0,"2":0},"b":{"0":[0,5],"1":[0,0],"2":[0,5],"3":[0,0]},"_coverageSchema":"1a1c01bbd47fc00a2c39e90264f33305004495a9","hash":"f11dc638b9081b9026587ad7c153ba6cc9e88cd4"}
,"C:\\Users\\HP\\Desktop\\SE_Project\\SE_Project\\models\\Announcement.js": {"path":"C:\\Users\\HP\\Desktop\\SE_Project\\SE_Project\\models\\Announcement.js","statementMap":{"0":{"start":{"line":1,"column":17},"end":{"line":1,"column":36}},"1":{"start":{"line":3,"column":27},"end":{"line":8,"column":2}},"2":{"start":{"line":10,"column":0},"end":{"line":10,"column":68}}},"fnMap":{},"branchMap":{},"s":{"0":5,"1":5,"2":5},"f":{},"b":{},"_coverageSchema":"1a1c01bbd47fc00a2c39e90264f33305004495a9","hash":"07deee2736674d458d1a657d39b0853e43287d90"}
,"C:\\Users\\HP\\Desktop\\SE_Project\\SE_Project\\models\\FoundItem.js": {"path":"C:\\Users\\HP\\Desktop\\SE_Project\\SE_Project\\models\\FoundItem.js","statementMap":{"0":{"start":{"line":1,"column":17},"end":{"line":1,"column":36}},"1":{"start":{"line":3,"column":24},"end":{"line":10,"column":24}},"2":{"start":{"line":12,"column":0},"end":{"line":12,"column":62}}},"fnMap":{},"branchMap":{},"s":{"0":5,"1":5,"2":5},"f":{},"b":{},"_coverageSchema":"1a1c01bbd47fc00a2c39e90264f33305004495a9","hash":"389a19801df6fefb5e7c83fb98d9fa4a358adc24"}
,"C:\\Users\\HP\\Desktop\\SE_Project\\SE_Project\\models\\LostItem.js": {"path":"C:\\Users\\HP\\Desktop\\SE_Project\\SE_Project\\models\\LostItem.js","statementMap":{"0":{"start":{"line":1,"column":17},"end":{"line":1,"column":36}},"1":{"start":{"line":3,"column":23},"end":{"line":10,"column":24}},"2":{"start":{"line":12,"column":0},"end":{"line":12,"column":60}}},"fnMap":{},"branchMap":{},"s":{"0":5,"1":5,"2":5},"f":{},"b":{},"_coverageSchema":"1a1c01bbd47fc00a2c39e90264f33305004495a9","hash":"b4f39c86caeac21b7ad3ac7db9c2704eb226f2b3"}
,"C:\\Users\\HP\\Desktop\\SE_Project\\SE_Project\\models\\Match.js": {"path":"C:\\Users\\HP\\Desktop\\SE_Project\\SE_Project\\models\\Match.js","statementMap":{"0":{"start":{"line":1,"column":17},"end":{"line":1,"column":36}},"1":{"start":{"line":3,"column":20},"end":{"line":11,"column":2}},"2":{"start":{"line":13,"column":0},"end":{"line":13,"column":54}}},"fnMap":{},"branchMap":{},"s":{"0":5,"1":5,"2":5},"f":{},"b":{},"_coverageSchema":"1a1c01bbd47fc00a2c39e90264f33305004495a9","hash":"c46f549018ec87b300293a884b71cd9870183bf1"}
,"C:\\Users\\HP\\Desktop\\SE_Project\\SE_Project\\models\\User.js": {"path":"C:\\Users\\HP\\Desktop\\SE_Project\\SE_Project\\models\\User.js","statementMap":{"0":{"start":{"line":1,"column":17},"end":{"line":1,"column":36}},"1":{"start":{"line":3,"column":19},"end":{"line":8,"column":24}},"2":{"start":{"line":10,"column":0},"end":{"line":10,"column":52}}},"fnMap":{},"branchMap":{},"s":{"0":5,"1":5,"2":5},"f":{},"b":{},"_coverageSchema":"1a1c01bbd47fc00a2c39e90264f33305004495a9","hash":"d7037e697845ab807f3122cf2b45ee1fe15cfaa4"}
,"C:\\Users\\HP\\Desktop\\SE_Project\\SE_Project\\routes\\announcements.js": {"path":"C:\\Users\\HP\\Desktop\\SE_Project\\SE_Project\\routes\\announcements.js","statementMap":{"0":{"start":{"line":1,"column":16},"end":{"line":1,"column":34}},"1":{"start":{"line":2,"column":15},"end":{"line":2,"column":31}},"2":{"start":{"line":3,"column":21},"end":{"line":3,"column":54}},"3":{"start":{"line":6,"column":0},"end":{"line":15,"column":3}},"4":{"start":{"line":7,"column":4},"end":{"line":14,"column":5}},"5":{"start":{"line":8,"column":35},"end":{"line":8,"column":43}},"6":{"start":{"line":9,"column":29},"end":{"line":9,"column":65}},"7":{"start":{"line":10,"column":8},"end":{"line":10,"column":34}},"8":{"start":{"line":11,"column":8},"end":{"line":11,"column":43}},"9":{"start":{"line":13,"column":8},"end":{"line":13,"column":73}},"10":{"start":{"line":18,"column":0},"end":{"line":26,"column":3}},"11":{"start":{"line":19,"column":23},"end":{"line":19,"column":32}},"12":{"start":{"line":20,"column":4},"end":{"line":25,"column":5}},"13":{"start":{"line":21,"column":30},"end":{"line":21,"column":82}},"14":{"start":{"line":22,"column":8},"end":{"line":22,"column":32}},"15":{"start":{"line":24,"column":8},"end":{"line":24,"column":73}},"16":{"start":{"line":29,"column":0},"end":{"line":38,"column":3}},"17":{"start":{"line":30,"column":19},"end":{"line":30,"column":29}},"18":{"start":{"line":31,"column":23},"end":{"line":31,"column":31}},"19":{"start":{"line":32,"column":4},"end":{"line":37,"column":5}},"20":{"start":{"line":33,"column":8},"end":{"line":33,"column":84}},"21":{"start":{"line":34,"column":8},"end":{"line":34,"column":48}},"22":{"start":{"line":36,"column":8},"end":{"line":36,"column":79}},"23":{"start":{"line":40,"column":0},"end":{"line":40,"column":24}}},"fnMap":{"0":{"name":"(anonymous_0)","decl":{"start":{"line":6,"column":17},"end":{"line":6,"column":18}},"loc":{"start":{"line":6,"column":37},"end":{"line":15,"column":1}},"line":6},"1":{"name":"(anonymous_1)","decl":{"start":{"line":18,"column":16},"end":{"line":18,"column":17}},"loc":{"start":{"line":18,"column":36},"end":{"line":26,"column":1}},"line":18},"2":{"name":"(anonymous_2)","decl":{"start":{"line":29,"column":33},"end":{"line":29,"column":34}},"loc":{"start":{"line":29,"column":53},"end":{"line":38,"column":1}},"line":29}},"branchMap":{},"s":{"0":5,"1":5,"2":5,"3":5,"4":2,"5":2,"6":2,"7":2,"8":1,"9":1,"10":5,"11":2,"12":2,"13":2,"14":2,"15":0,"16":5,"17":3,"18":3,"19":3,"20":3,"21":3,"22":0,"23":5},"f":{"0":2,"1":2,"2":3},"b":{},"_coverageSchema":"1a1c01bbd47fc00a2c39e90264f33305004495a9","hash":"7dda6aaa952d34f009f983d3d32cfc862c412a21"}
,"C:\\Users\\HP\\Desktop\\SE_Project\\SE_Project\\routes\\auth.js": {"path":"C:\\Users\\HP\\Desktop\\SE_Project\\SE_Project\\routes\\auth.js","statementMap":{"0":{"start":{"line":1,"column":16},"end":{"line":1,"column":34}},"1":{"start":{"line":2,"column":15},"end":{"line":2,"column":34}},"2":{"start":{"line":3,"column":12},"end":{"line":3,"column":35}},"3":{"start":{"line":4,"column":13},"end":{"line":4,"column":38}},"4":{"start":{"line":6,"column":15},"end":{"line":6,"column":31}},"5":{"start":{"line":9,"column":0},"end":{"line":26,"column":3}},"6":{"start":{"line":10,"column":4},"end":{"line":25,"column":5}},"7":{"start":{"line":11,"column":48},"end":{"line":11,"column":56}},"8":{"start":{"line":13,"column":19},"end":{"line":13,"column":48}},"9":{"start":{"line":14,"column":8},"end":{"line":14,"column":78}},"10":{"start":{"line":14,"column":18},"end":{"line":14,"column":78}},"11":{"start":{"line":16,"column":21},"end":{"line":16,"column":45}},"12":{"start":{"line":17,"column":31},"end":{"line":17,"column":64}},"13":{"start":{"line":19,"column":8},"end":{"line":19,"column":73}},"14":{"start":{"line":20,"column":8},"end":{"line":20,"column":26}},"15":{"start":{"line":22,"column":8},"end":{"line":22,"column":71}},"16":{"start":{"line":24,"column":8},"end":{"line":24,"column":54}},"17":{"start":{"line":30,"column":0},"end":{"line":49,"column":3}},"18":{"start":{"line":31,"column":4},"end":{"line":48,"column":5}},"19":{"start":{"line":32,"column":36},"end":{"line":32,"column":44}},"20":{"start":{"line":35,"column":19},"end":{"line":35,"column":48}},"21":{"start":{"line":36,"column":8},"end":{"line":36,"column":79}},"22":{"start":{"line":36,"column":19},"end":{"line":36,"column":79}},"23":{"start":{"line":39,"column":24},"end":{"line":39,"column":69}},"24":{"start":{"line":40,"column":8},"end":{"line":40,"column":82}},"25":{"start":{"line":40,"column":22},"end":{"line":40,"column":82}},"26":{"start":{"line":43,"column":22},"end":{"line":43,"column":93}},"27":{"start":{"line":45,"column":8},"end":{"line":45,"column":105}},"28":{"start":{"line":47,"column":8},"end":{"line":47,"column":54}},"29":{"start":{"line":51,"column":0},"end":{"line":60,"column":3}},"30":{"start":{"line":52,"column":4},"end":{"line":59,"column":5}},"31":{"start":{"line":53,"column":21},"end":{"line":53,"column":85}},"32":{"start":{"line":54,"column":8},"end":{"line":54,"column":74}},"33":{"start":{"line":54,"column":19},"end":{"line":54,"column":74}},"34":{"start":{"line":56,"column":8},"end":{"line":56,"column":23}},"35":{"start":{"line":58,"column":8},"end":{"line":58,"column":54}},"36":{"start":{"line":62,"column":0},"end":{"line":62,"column":24}}},"fnMap":{"0":{"name":"(anonymous_0)","decl":{"start":{"line":9,"column":25},"end":{"line":9,"column":26}},"loc":{"start":{"line":9,"column":45},"end":{"line":26,"column":1}},"line":9},"1":{"name":"(anonymous_1)","decl":{"start":{"line":30,"column":22},"end":{"line":30,"column":23}},"loc":{"start":{"line":30,"column":42},"end":{"line":49,"column":1}},"line":30},"2":{"name":"(anonymous_2)","decl":{"start":{"line":51,"column":28},"end":{"line":51,"column":29}},"loc":{"start":{"line":51,"column":48},"end":{"line":60,"column":1}},"line":51}},"branchMap":{"0":{"loc":{"start":{"line":14,"column":8},"end":{"line":14,"column":78}},"type":"if","locations":[{"start":{"line":14,"column":8},"end":{"line":14,"column":78}},{"start":{},"end":{}}],"line":14},"1":{"loc":{"start":{"line":36,"column":8},"end":{"line":36,"column":79}},"type":"if","locations":[{"start":{"line":36,"column":8},"end":{"line":36,"column":79}},{"start":{},"end":{}}],"line":36},"2":{"loc":{"start":{"line":40,"column":8},"end":{"line":40,"column":82}},"type":"if","locations":[{"start":{"line":40,"column":8},"end":{"line":40,"column":82}},{"start":{},"end":{}}],"line":40},"3":{"loc":{"start":{"line":54,"column":8},"end":{"line":54,"column":74}},"type":"if","locations":[{"start":{"line":54,"column":8},"end":{"line":54,"column":74}},{"start":{},"end":{}}],"line":54}},"s":{"0":5,"1":5,"2":5,"3":5,"4":5,"5":5,"6":2,"7":2,"8":2,"9":2,"10":1,"11":1,"12":1,"13":1,"14":1,"15":1,"16":0,"17":5,"18":2,"19":2,"20":2,"21":2,"22":1,"23":1,"24":1,"25":0,"26":1,"27":1,"28":0,"29":5,"30":1,"31":1,"32":1,"33":1,"34":0,"35":0,"36":5},"f":{"0":2,"1":2,"2":1},"b":{"0":[1,1],"1":[1,1],"2":[0,1],"3":[1,0]},"_coverageSchema":"1a1c01bbd47fc00a2c39e90264f33305004495a9","hash":"4a78282e9772356ed7655220526f2a35f479aed6"}
,"C:\\Users\\HP\\Desktop\\SE_Project\\SE_Project\\routes\\foundItems.js": {"path":"C:\\Users\\HP\\Desktop\\SE_Project\\SE_Project\\routes\\foundItems.js","statementMap":{"0":{"start":{"line":1,"column":16},"end":{"line":1,"column":34}},"1":{"start":{"line":2,"column":15},"end":{"line":2,"column":32}},"2":{"start":{"line":3,"column":18},"end":{"line":3,"column":48}},"3":{"start":{"line":5,"column":15},"end":{"line":5,"column":31}},"4":{"start":{"line":8,"column":16},"end":{"line":15,"column":2}},"5":{"start":{"line":10,"column":8},"end":{"line":10,"column":28}},"6":{"start":{"line":13,"column":8},"end":{"line":13,"column":55}},"7":{"start":{"line":17,"column":15},"end":{"line":17,"column":34}},"8":{"start":{"line":20,"column":0},"end":{"line":40,"column":3}},"9":{"start":{"line":21,"column":4},"end":{"line":39,"column":5}},"10":{"start":{"line":22,"column":68},"end":{"line":22,"column":76}},"11":{"start":{"line":23,"column":22},"end":{"line":23,"column":57}},"12":{"start":{"line":25,"column":26},"end":{"line":32,"column":10}},"13":{"start":{"line":34,"column":8},"end":{"line":34,"column":31}},"14":{"start":{"line":36,"column":8},"end":{"line":36,"column":75}},"15":{"start":{"line":38,"column":8},"end":{"line":38,"column":74}},"16":{"start":{"line":43,"column":0},"end":{"line":56,"column":3}},"17":{"start":{"line":44,"column":4},"end":{"line":55,"column":5}},"18":{"start":{"line":46,"column":27},"end":{"line":46,"column":49}},"19":{"start":{"line":48,"column":8},"end":{"line":50,"column":9}},"20":{"start":{"line":49,"column":12},"end":{"line":49,"column":81}},"21":{"start":{"line":52,"column":8},"end":{"line":52,"column":29}},"22":{"start":{"line":54,"column":8},"end":{"line":54,"column":78}},"23":{"start":{"line":59,"column":0},"end":{"line":76,"column":3}},"24":{"start":{"line":60,"column":18},"end":{"line":60,"column":27}},"25":{"start":{"line":62,"column":4},"end":{"line":75,"column":5}},"26":{"start":{"line":64,"column":24},"end":{"line":70,"column":10}},"27":{"start":{"line":72,"column":8},"end":{"line":72,"column":26}},"28":{"start":{"line":74,"column":8},"end":{"line":74,"column":78}},"29":{"start":{"line":77,"column":0},"end":{"line":91,"column":3}},"30":{"start":{"line":78,"column":19},"end":{"line":78,"column":29}},"31":{"start":{"line":80,"column":4},"end":{"line":90,"column":5}},"32":{"start":{"line":81,"column":28},"end":{"line":81,"column":65}},"33":{"start":{"line":83,"column":8},"end":{"line":85,"column":9}},"34":{"start":{"line":84,"column":12},"end":{"line":84,"column":77}},"35":{"start":{"line":87,"column":8},"end":{"line":87,"column":65}},"36":{"start":{"line":89,"column":8},"end":{"line":89,"column":78}},"37":{"start":{"line":92,"column":0},"end":{"line":107,"column":3}},"38":{"start":{"line":93,"column":4},"end":{"line":106,"column":5}},"39":{"start":{"line":94,"column":29},"end":{"line":101,"column":10}},"40":{"start":{"line":103,"column":8},"end":{"line":103,"column":35}},"41":{"start":{"line":105,"column":8},"end":{"line":105,"column":89}},"42":{"start":{"line":108,"column":0},"end":{"line":125,"column":3}},"43":{"start":{"line":109,"column":4},"end":{"line":124,"column":5}},"44":{"start":{"line":110,"column":26},"end":{"line":119,"column":10}},"45":{"start":{"line":121,"column":8},"end":{"line":121,"column":32}},"46":{"start":{"line":123,"column":8},"end":{"line":123,"column":91}},"47":{"start":{"line":126,"column":0},"end":{"line":126,"column":24}}},"fnMap":{"0":{"name":"(anonymous_0)","decl":{"start":{"line":9,"column":17},"end":{"line":9,"column":18}},"loc":{"start":{"line":9,"column":36},"end":{"line":11,"column":5}},"line":9},"1":{"name":"(anonymous_1)","decl":{"start":{"line":12,"column":14},"end":{"line":12,"column":15}},"loc":{"start":{"line":12,"column":33},"end":{"line":14,"column":5}},"line":12},"2":{"name":"(anonymous_2)","decl":{"start":{"line":20,"column":47},"end":{"line":20,"column":48}},"loc":{"start":{"line":20,"column":67},"end":{"line":40,"column":1}},"line":20},"3":{"name":"(anonymous_3)","decl":{"start":{"line":43,"column":16},"end":{"line":43,"column":17}},"loc":{"start":{"line":43,"column":36},"end":{"line":56,"column":1}},"line":43},"4":{"name":"(anonymous_4)","decl":{"start":{"line":59,"column":22},"end":{"line":59,"column":23}},"loc":{"start":{"line":59,"column":42},"end":{"line":76,"column":1}},"line":59},"5":{"name":"(anonymous_5)","decl":{"start":{"line":77,"column":22},"end":{"line":77,"column":23}},"loc":{"start":{"line":77,"column":42},"end":{"line":91,"column":1}},"line":77},"6":{"name":"(anonymous_6)","decl":{"start":{"line":92,"column":33},"end":{"line":92,"column":34}},"loc":{"start":{"line":92,"column":53},"end":{"line":107,"column":1}},"line":92},"7":{"name":"(anonymous_7)","decl":{"start":{"line":108,"column":23},"end":{"line":108,"column":24}},"loc":{"start":{"line":108,"column":43},"end":{"line":125,"column":1}},"line":108}},"branchMap":{"0":{"loc":{"start":{"line":23,"column":22},"end":{"line":23,"column":57}},"type":"cond-expr","locations":[{"start":{"line":23,"column":33},"end":{"line":23,"column":50}},{"start":{"line":23,"column":53},"end":{"line":23,"column":57}}],"line":23},"1":{"loc":{"start":{"line":48,"column":8},"end":{"line":50,"column":9}},"type":"if","locations":[{"start":{"line":48,"column":8},"end":{"line":50,"column":9}},{"start":{},"end":{}}],"line":48},"2":{"loc":{"start":{"line":48,"column":12},"end":{"line":48,"column":50}},"type":"binary-expr","locations":[{"start":{"line":48,"column":12},"end":{"line":48,"column":23}},{"start":{"line":48,"column":27},"end":{"line":48,"column":50}}],"line":48},"3":{"loc":{"start":{"line":83,"column":8},"end":{"line":85,"column":9}},"type":"if","locations":[{"start":{"line":83,"column":8},"end":{"line":85,"column":9}},{"start":{},"end":{}}],"line":83}},"s":{"0":5,"1":5,"2":5,"3":5,"4":5,"5":0,"6":0,"7":5,"8":5,"9":0,"10":0,"11":0,"12":0,"13":0,"14":0,"15":0,"16":5,"17":2,"18":2,"19":2,"20":1,"21":1,"22":0,"23":5,"24":0,"25":0,"26":0,"27":0,"28":0,"29":5,"30":2,"31":2,"32":2,"33":2,"34":1,"35":1,"36":0,"37":5,"38":1,"39":1,"40":1,"41":0,"42":5,"43":1,"44":1,"45":1,"46":0,"47":5},"f":{"0":0,"1":0,"2":0,"3":2,"4":0,"5":2,"6":1,"7":1},"b":{"0":[0,0],"1":[1,1],"2":[2,2],"3":[1,1]},"_coverageSchema":"1a1c01bbd47fc00a2c39e90264f33305004495a9","hash":"f4b7131379465ae7f6be86952d32650b7d476b52"}
,"C:\\Users\\HP\\Desktop\\SE_Project\\SE_Project\\routes\\lostItems.js": {"path":"C:\\Users\\HP\\Desktop\\SE_Project\\SE_Project\\routes\\lostItems.js","statementMap":{"0":{"start":{"line":1,"column":16},"end":{"line":1,"column":34}},"1":{"start":{"line":2,"column":15},"end":{"line":2,"column":32}},"2":{"start":{"line":3,"column":17},"end":{"line":3,"column":46}},"3":{"start":{"line":5,"column":15},"end":{"line":5,"column":31}},"4":{"start":{"line":8,"column":16},"end":{"line":15,"column":2}},"5":{"start":{"line":10,"column":8},"end":{"line":10,"column":28}},"6":{"start":{"line":13,"column":8},"end":{"line":13,"column":55}},"7":{"start":{"line":17,"column":15},"end":{"line":17,"column":43}},"8":{"start":{"line":20,"column":0},"end":{"line":37,"column":3}},"9":{"start":{"line":21,"column":18},"end":{"line":21,"column":27}},"10":{"start":{"line":23,"column":4},"end":{"line":36,"column":5}},"11":{"start":{"line":25,"column":24},"end":{"line":31,"column":10}},"12":{"start":{"line":33,"column":8},"end":{"line":33,"column":26}},"13":{"start":{"line":35,"column":8},"end":{"line":35,"column":78}},"14":{"start":{"line":40,"column":0},"end":{"line":53,"column":3}},"15":{"start":{"line":41,"column":4},"end":{"line":52,"column":5}},"16":{"start":{"line":43,"column":26},"end":{"line":43,"column":47}},"17":{"start":{"line":45,"column":8},"end":{"line":47,"column":9}},"18":{"start":{"line":46,"column":12},"end":{"line":46,"column":80}},"19":{"start":{"line":49,"column":8},"end":{"line":49,"column":28}},"20":{"start":{"line":51,"column":8},"end":{"line":51,"column":78}},"21":{"start":{"line":56,"column":0},"end":{"line":68,"column":3}},"22":{"start":{"line":57,"column":4},"end":{"line":67,"column":5}},"23":{"start":{"line":58,"column":67},"end":{"line":58,"column":75}},"24":{"start":{"line":59,"column":22},"end":{"line":59,"column":57}},"25":{"start":{"line":61,"column":25},"end":{"line":61,"column":96}},"26":{"start":{"line":62,"column":8},"end":{"line":62,"column":30}},"27":{"start":{"line":64,"column":8},"end":{"line":64,"column":74}},"28":{"start":{"line":66,"column":8},"end":{"line":66,"column":74}},"29":{"start":{"line":70,"column":0},"end":{"line":84,"column":3}},"30":{"start":{"line":71,"column":19},"end":{"line":71,"column":29}},"31":{"start":{"line":73,"column":4},"end":{"line":83,"column":5}},"32":{"start":{"line":74,"column":28},"end":{"line":74,"column":64}},"33":{"start":{"line":76,"column":8},"end":{"line":78,"column":9}},"34":{"start":{"line":77,"column":12},"end":{"line":77,"column":76}},"35":{"start":{"line":80,"column":8},"end":{"line":80,"column":64}},"36":{"start":{"line":82,"column":8},"end":{"line":82,"column":78}},"37":{"start":{"line":87,"column":0},"end":{"line":102,"column":3}},"38":{"start":{"line":88,"column":4},"end":{"line":101,"column":5}},"39":{"start":{"line":89,"column":28},"end":{"line":96,"column":10}},"40":{"start":{"line":98,"column":8},"end":{"line":98,"column":34}},"41":{"start":{"line":100,"column":8},"end":{"line":100,"column":88}},"42":{"start":{"line":104,"column":0},"end":{"line":121,"column":3}},"43":{"start":{"line":105,"column":4},"end":{"line":120,"column":5}},"44":{"start":{"line":106,"column":26},"end":{"line":115,"column":10}},"45":{"start":{"line":117,"column":8},"end":{"line":117,"column":32}},"46":{"start":{"line":119,"column":8},"end":{"line":119,"column":90}},"47":{"start":{"line":123,"column":0},"end":{"line":123,"column":24}}},"fnMap":{"0":{"name":"(anonymous_0)","decl":{"start":{"line":9,"column":17},"end":{"line":9,"column":18}},"loc":{"start":{"line":9,"column":36},"end":{"line":11,"column":5}},"line":9},"1":{"name":"(anonymous_1)","decl":{"start":{"line":12,"column":14},"end":{"line":12,"column":15}},"loc":{"start":{"line":12,"column":33},"end":{"line":14,"column":5}},"line":12},"2":{"name":"(anonymous_2)","decl":{"start":{"line":20,"column":22},"end":{"line":20,"column":23}},"loc":{"start":{"line":20,"column":42},"end":{"line":37,"column":1}},"line":20},"3":{"name":"(anonymous_3)","decl":{"start":{"line":40,"column":16},"end":{"line":40,"column":17}},"loc":{"start":{"line":40,"column":36},"end":{"line":53,"column":1}},"line":40},"4":{"name":"(anonymous_4)","decl":{"start":{"line":56,"column":47},"end":{"line":56,"column":48}},"loc":{"start":{"line":56,"column":67},"end":{"line":68,"column":1}},"line":56},"5":{"name":"(anonymous_5)","decl":{"start":{"line":70,"column":22},"end":{"line":70,"column":23}},"loc":{"start":{"line":70,"column":42},"end":{"line":84,"column":1}},"line":70},"6":{"name":"(anonymous_6)","decl":{"start":{"line":87,"column":33},"end":{"line":87,"column":34}},"loc":{"start":{"line":87,"column":53},"end":{"line":102,"column":1}},"line":87},"7":{"name":"(anonymous_7)","decl":{"start":{"line":104,"column":23},"end":{"line":104,"column":24}},"loc":{"start":{"line":104,"column":43},"end":{"line":121,"column":1}},"line":104}},"branchMap":{"0":{"loc":{"start":{"line":45,"column":8},"end":{"line":47,"column":9}},"type":"if","locations":[{"start":{"line":45,"column":8},"end":{"line":47,"column":9}},{"start":{},"end":{}}],"line":45},"1":{"loc":{"start":{"line":59,"column":22},"end":{"line":59,"column":57}},"type":"cond-expr","locations":[{"start":{"line":59,"column":33},"end":{"line":59,"column":50}},{"start":{"line":59,"column":53},"end":{"line":59,"column":57}}],"line":59},"2":{"loc":{"start":{"line":76,"column":8},"end":{"line":78,"column":9}},"type":"if","locations":[{"start":{"line":76,"column":8},"end":{"line":78,"column":9}},{"start":{},"end":{}}],"line":76}},"s":{"0":5,"1":5,"2":5,"3":5,"4":5,"5":1,"6":1,"7":5,"8":5,"9":2,"10":2,"11":2,"12":2,"13":0,"14":5,"15":1,"16":1,"17":1,"18":0,"19":1,"20":0,"21":5,"22":6,"23":6,"24":6,"25":6,"26":6,"27":2,"28":4,"29":5,"30":2,"31":2,"32":2,"33":2,"34":1,"35":1,"36":0,"37":5,"38":1,"39":1,"40":1,"41":0,"42":5,"43":1,"44":1,"45":1,"46":0,"47":5},"f":{"0":1,"1":1,"2":2,"3":1,"4":6,"5":2,"6":1,"7":1},"b":{"0":[0,1],"1":[1,5],"2":[1,1]},"_coverageSchema":"1a1c01bbd47fc00a2c39e90264f33305004495a9","hash":"8267149358b45e61620c26034242a54574c4ac69"}
,"C:\\Users\\HP\\Desktop\\SE_Project\\SE_Project\\routes\\matches.js": {"path":"C:\\Users\\HP\\Desktop\\SE_Project\\SE_Project\\routes\\matches.js","statementMap":{"0":{"start":{"line":1,"column":16},"end":{"line":1,"column":34}},"1":{"start":{"line":2,"column":15},"end":{"line":2,"column":31}},"2":{"start":{"line":3,"column":14},"end":{"line":3,"column":40}},"3":{"start":{"line":5,"column":0},"end":{"line":13,"column":3}},"4":{"start":{"line":6,"column":4},"end":{"line":12,"column":5}},"5":{"start":{"line":7,"column":22},"end":{"line":7,"column":41}},"6":{"start":{"line":8,"column":8},"end":{"line":8,"column":27}},"7":{"start":{"line":9,"column":8},"end":{"line":9,"column":36}},"8":{"start":{"line":11,"column":8},"end":{"line":11,"column":76}},"9":{"start":{"line":15,"column":0},"end":{"line":18,"column":3}},"10":{"start":{"line":16,"column":20},"end":{"line":16,"column":96}},"11":{"start":{"line":17,"column":4},"end":{"line":17,"column":22}},"12":{"start":{"line":20,"column":0},"end":{"line":20,"column":24}}},"fnMap":{"0":{"name":"(anonymous_0)","decl":{"start":{"line":5,"column":17},"end":{"line":5,"column":18}},"loc":{"start":{"line":5,"column":37},"end":{"line":13,"column":1}},"line":5},"1":{"name":"(anonymous_1)","decl":{"start":{"line":15,"column":16},"end":{"line":15,"column":17}},"loc":{"start":{"line":15,"column":36},"end":{"line":18,"column":1}},"line":15}},"branchMap":{},"s":{"0":5,"1":5,"2":5,"3":5,"4":2,"5":2,"6":2,"7":1,"8":1,"9":5,"10":1,"11":1,"12":5},"f":{"0":2,"1":1},"b":{},"_coverageSchema":"1a1c01bbd47fc00a2c39e90264f33305004495a9","hash":"d4c1f2bdfae2ca1b3ca4b8e11bfe1da1f130c947"}
}
