TN:
SF:server.js
FN:20,(anonymous_0)
FN:21,(anonymous_1)
FN:39,(anonymous_2)
FNF:3
FNH:0
FNDA:0,(anonymous_0)
FNDA:0,(anonymous_1)
FNDA:0,(anonymous_2)
DA:1,5
DA:2,5
DA:3,5
DA:4,5
DA:5,5
DA:8,5
DA:10,5
DA:11,5
DA:12,5
DA:13,5
DA:18,5
DA:19,0
DA:20,0
DA:21,0
DA:24,5
DA:25,5
DA:26,5
DA:29,5
DA:30,5
DA:31,5
DA:32,5
DA:33,5
DA:37,5
DA:38,0
DA:39,0
DA:44,5
LF:26
LH:21
BRDA:18,0,0,0
BRDA:18,0,1,5
BRDA:19,1,0,0
BRDA:19,1,1,0
BRDA:37,2,0,0
BRDA:37,2,1,5
BRDA:38,3,0,0
BRDA:38,3,1,0
BRF:8
BRH:2
end_of_record
TN:
SF:models\Announcement.js
FNF:0
FNH:0
DA:1,5
DA:3,5
DA:10,5
LF:3
LH:3
BRF:0
BRH:0
end_of_record
TN:
SF:models\FoundItem.js
FNF:0
FNH:0
DA:1,5
DA:3,5
DA:12,5
LF:3
LH:3
BRF:0
BRH:0
end_of_record
TN:
SF:models\LostItem.js
FNF:0
FNH:0
DA:1,5
DA:3,5
DA:12,5
LF:3
LH:3
BRF:0
BRH:0
end_of_record
TN:
SF:models\Match.js
FNF:0
FNH:0
DA:1,5
DA:3,5
DA:13,5
LF:3
LH:3
BRF:0
BRH:0
end_of_record
TN:
SF:models\User.js
FNF:0
FNH:0
DA:1,5
DA:3,5
DA:10,5
LF:3
LH:3
BRF:0
BRH:0
end_of_record
TN:
SF:routes\announcements.js
FN:6,(anonymous_0)
FN:18,(anonymous_1)
FN:29,(anonymous_2)
FNF:3
FNH:3
FNDA:2,(anonymous_0)
FNDA:2,(anonymous_1)
FNDA:3,(anonymous_2)
DA:1,5
DA:2,5
DA:3,5
DA:6,5
DA:7,2
DA:8,2
DA:9,2
DA:10,2
DA:11,1
DA:13,1
DA:18,5
DA:19,2
DA:20,2
DA:21,2
DA:22,2
DA:24,0
DA:29,5
DA:30,3
DA:31,3
DA:32,3
DA:33,3
DA:34,3
DA:36,0
DA:40,5
LF:24
LH:22
BRF:0
BRH:0
end_of_record
TN:
SF:routes\auth.js
FN:9,(anonymous_0)
FN:30,(anonymous_1)
FN:51,(anonymous_2)
FNF:3
FNH:3
FNDA:2,(anonymous_0)
FNDA:2,(anonymous_1)
FNDA:1,(anonymous_2)
DA:1,5
DA:2,5
DA:3,5
DA:4,5
DA:6,5
DA:9,5
DA:10,2
DA:11,2
DA:13,2
DA:14,2
DA:16,1
DA:17,1
DA:19,1
DA:20,1
DA:22,1
DA:24,0
DA:30,5
DA:31,2
DA:32,2
DA:35,2
DA:36,2
DA:39,1
DA:40,1
DA:43,1
DA:45,1
DA:47,0
DA:51,5
DA:52,1
DA:53,1
DA:54,1
DA:56,0
DA:58,0
DA:62,5
LF:33
LH:29
BRDA:14,0,0,1
BRDA:14,0,1,1
BRDA:36,1,0,1
BRDA:36,1,1,1
BRDA:40,2,0,0
BRDA:40,2,1,1
BRDA:54,3,0,1
BRDA:54,3,1,0
BRF:8
BRH:6
end_of_record
TN:
SF:routes\foundItems.js
FN:9,(anonymous_0)
FN:12,(anonymous_1)
FN:20,(anonymous_2)
FN:43,(anonymous_3)
FN:59,(anonymous_4)
FN:77,(anonymous_5)
FN:92,(anonymous_6)
FN:108,(anonymous_7)
FNF:8
FNH:4
FNDA:0,(anonymous_0)
FNDA:0,(anonymous_1)
FNDA:0,(anonymous_2)
FNDA:2,(anonymous_3)
FNDA:0,(anonymous_4)
FNDA:2,(anonymous_5)
FNDA:1,(anonymous_6)
FNDA:1,(anonymous_7)
DA:1,5
DA:2,5
DA:3,5
DA:5,5
DA:8,5
DA:10,0
DA:13,0
DA:17,5
DA:20,5
DA:21,0
DA:22,0
DA:23,0
DA:25,0
DA:34,0
DA:36,0
DA:38,0
DA:43,5
DA:44,2
DA:46,2
DA:48,2
DA:49,1
DA:52,1
DA:54,0
DA:59,5
DA:60,0
DA:62,0
DA:64,0
DA:72,0
DA:74,0
DA:77,5
DA:78,2
DA:80,2
DA:81,2
DA:83,2
DA:84,1
DA:87,1
DA:89,0
DA:92,5
DA:93,1
DA:94,1
DA:103,1
DA:105,0
DA:108,5
DA:109,1
DA:110,1
DA:121,1
DA:123,0
DA:126,5
LF:48
LH:30
BRDA:23,0,0,0
BRDA:23,0,1,0
BRDA:48,1,0,1
BRDA:48,1,1,1
BRDA:48,2,0,2
BRDA:48,2,1,2
BRDA:83,3,0,1
BRDA:83,3,1,1
BRF:8
BRH:6
end_of_record
TN:
SF:routes\lostItems.js
FN:9,(anonymous_0)
FN:12,(anonymous_1)
FN:20,(anonymous_2)
FN:40,(anonymous_3)
FN:56,(anonymous_4)
FN:70,(anonymous_5)
FN:87,(anonymous_6)
FN:104,(anonymous_7)
FNF:8
FNH:8
FNDA:1,(anonymous_0)
FNDA:1,(anonymous_1)
FNDA:2,(anonymous_2)
FNDA:1,(anonymous_3)
FNDA:6,(anonymous_4)
FNDA:2,(anonymous_5)
FNDA:1,(anonymous_6)
FNDA:1,(anonymous_7)
DA:1,5
DA:2,5
DA:3,5
DA:5,5
DA:8,5
DA:10,1
DA:13,1
DA:17,5
DA:20,5
DA:21,2
DA:23,2
DA:25,2
DA:33,2
DA:35,0
DA:40,5
DA:41,1
DA:43,1
DA:45,1
DA:46,0
DA:49,1
DA:51,0
DA:56,5
DA:57,6
DA:58,6
DA:59,6
DA:61,6
DA:62,6
DA:64,2
DA:66,4
DA:70,5
DA:71,2
DA:73,2
DA:74,2
DA:76,2
DA:77,1
DA:80,1
DA:82,0
DA:87,5
DA:88,1
DA:89,1
DA:98,1
DA:100,0
DA:104,5
DA:105,1
DA:106,1
DA:117,1
DA:119,0
DA:123,5
LF:48
LH:42
BRDA:45,0,0,0
BRDA:45,0,1,1
BRDA:59,1,0,1
BRDA:59,1,1,5
BRDA:76,2,0,1
BRDA:76,2,1,1
BRF:6
BRH:5
end_of_record
TN:
SF:routes\matches.js
FN:5,(anonymous_0)
FN:15,(anonymous_1)
FNF:2
FNH:2
FNDA:2,(anonymous_0)
FNDA:1,(anonymous_1)
DA:1,5
DA:2,5
DA:3,5
DA:5,5
DA:6,2
DA:7,2
DA:8,2
DA:9,1
DA:11,1
DA:15,5
DA:16,1
DA:17,1
DA:20,5
LF:13
LH:13
BRF:0
BRH:0
end_of_record
