TN:
SF:App.jsx
FN:1,(empty-report)
FNF:1
FNH:0
FNDA:0,(empty-report)
DA:1,0
DA:2,0
DA:3,0
DA:4,0
DA:5,0
DA:6,0
DA:7,0
DA:8,0
DA:9,0
DA:10,0
DA:11,0
DA:12,0
DA:13,0
DA:14,0
DA:20,0
DA:21,0
DA:22,0
DA:24,0
DA:27,0
DA:30,0
DA:33,0
DA:36,0
DA:39,0
DA:42,0
DA:45,0
DA:47,0
DA:49,0
DA:51,0
DA:53,0
DA:54,0
DA:56,0
DA:59,0
DA:61,0
LF:33
LH:0
BRDA:1,0,0,0
BRF:1
BRH:0
end_of_record
TN:
SF:main.jsx
FN:1,(empty-report)
FNF:1
FNH:0
FNDA:0,(empty-report)
DA:1,0
DA:2,0
DA:3,0
DA:4,0
DA:5,0
DA:7,0
DA:8,0
DA:9,0
LF:8
LH:0
BRDA:1,0,0,0
BRF:1
BRH:0
end_of_record
TN:
SF:pages\AdminDashboard.jsx
FN:4,AdminDashboard
FN:7,handleLogout
FN:12,goToReports
FN:16,goToClaimHistory
FN:20,goToAnalytics
FN:24,goToAnnouncements
FNF:6
FNH:6
FNDA:2,AdminDashboard
FNDA:1,handleLogout
FNDA:1,goToReports
FNDA:1,goToClaimHistory
FNDA:1,goToAnalytics
FNDA:1,goToAnnouncements
DA:1,1
DA:2,1
DA:4,1
DA:5,2
DA:7,2
DA:8,1
DA:9,1
DA:10,1
DA:12,2
DA:13,1
DA:14,1
DA:16,2
DA:17,1
DA:18,1
DA:20,2
DA:21,1
DA:22,1
DA:24,2
DA:25,1
DA:26,1
DA:28,2
DA:29,2
DA:30,2
DA:31,2
DA:33,2
DA:34,2
DA:35,2
DA:36,2
DA:37,2
DA:38,2
DA:42,2
DA:44,1
LF:32
LH:32
BRDA:4,0,0,2
BRDA:7,1,0,1
BRDA:12,2,0,1
BRDA:16,3,0,1
BRDA:20,4,0,1
BRDA:24,5,0,1
BRF:6
BRH:6
end_of_record
TN:
SF:pages\AdminReports.jsx
FN:6,AdminReports
FN:15,fetchItems
FN:50,handleBackClick
FN:55,handleEditClick
FN:59,handleDeleteClick
FN:77,handleMatchClick
FN:81,handleMatchSubmit
FN:126,onClick
FN:127,onClick
FN:128,onClick
FN:136,onChange
FNF:11
FNH:5
FNDA:6,AdminReports
FNDA:3,fetchItems
FNDA:1,handleBackClick
FNDA:0,handleEditClick
FNDA:1,handleDeleteClick
FNDA:0,handleMatchClick
FNDA:0,handleMatchSubmit
FNDA:0,onClick
FNDA:1,onClick
FNDA:0,onClick
FNDA:0,onChange
DA:1,1
DA:2,1
DA:3,1
DA:4,1
DA:6,1
DA:7,6
DA:8,6
DA:9,6
DA:10,6
DA:11,6
DA:12,6
DA:14,6
DA:15,3
DA:16,3
DA:17,3
DA:18,3
DA:19,3
DA:20,3
DA:22,3
DA:23,3
DA:25,3
DA:26,1
DA:28,3
DA:30,2
DA:31,0
DA:33,2
DA:35,2
DA:36,2
DA:37,1
DA:38,1
DA:40,2
DA:41,2
DA:42,2
DA:43,2
DA:44,2
DA:45,3
DA:47,3
DA:48,6
DA:50,6
DA:51,1
DA:52,1
DA:53,1
DA:55,6
DA:56,0
DA:57,0
DA:59,6
DA:60,1
DA:61,1
DA:62,1
DA:63,1
DA:65,1
DA:66,1
DA:67,1
DA:68,1
DA:69,0
DA:70,0
DA:71,1
DA:72,0
DA:73,0
DA:74,0
DA:75,1
DA:77,6
DA:78,0
DA:79,0
DA:81,6
DA:82,0
DA:84,0
DA:85,0
DA:86,0
DA:87,0
DA:89,0
DA:90,0
DA:91,0
DA:92,0
DA:93,0
DA:94,0
DA:95,0
DA:96,0
DA:97,0
DA:99,0
DA:100,0
DA:101,0
DA:102,0
DA:103,0
DA:104,0
DA:105,0
DA:107,6
DA:108,6
DA:109,6
DA:111,6
DA:113,6
DA:114,6
DA:115,6
DA:116,6
DA:117,5
DA:119,6
DA:120,6
DA:121,6
DA:122,6
DA:123,6
DA:124,6
DA:125,6
DA:126,6
DA:127,6
DA:128,6
DA:131,6
DA:132,6
DA:133,6
DA:134,6
DA:135,6
DA:136,6
DA:137,6
DA:139,6
DA:140,6
DA:141,6
DA:153,6
DA:154,6
DA:155,6
DA:156,6
DA:157,6
DA:159,6
DA:160,6
DA:161,6
DA:162,6
DA:163,6
DA:164,6
DA:165,6
DA:166,6
DA:167,6
DA:175,6
DA:176,6
DA:182,6
DA:184,1
LF:133
LH:102
BRDA:6,0,0,6
BRDA:116,1,0,5
BRDA:14,2,0,3
BRDA:15,3,0,3
BRDA:28,4,0,2
BRDA:25,5,0,1
BRDA:36,6,0,1
BRDA:50,7,0,1
BRDA:59,8,0,1
BRDA:63,9,0,0
BRDA:68,10,0,0
BRDA:71,11,0,0
BRDA:67,12,0,1
BRDA:67,13,0,1
BRDA:127,14,0,1
BRF:15
BRH:12
end_of_record
TN:
SF:pages\AnalyticsPage.jsx
FN:18,AnalyticsPage
FN:26,fetchAnalytics
FN:59,handleBackClick
FNF:3
FNH:3
FNDA:2,AnalyticsPage
FNDA:2,fetchAnalytics
FNDA:1,handleBackClick
DA:1,1
DA:2,1
DA:3,1
DA:4,1
DA:5,1
DA:14,1
DA:16,1
DA:18,1
DA:19,2
DA:20,2
DA:21,2
DA:22,2
DA:23,2
DA:25,2
DA:26,2
DA:27,2
DA:28,2
DA:29,2
DA:31,2
DA:32,0
DA:34,0
DA:35,0
DA:37,0
DA:38,0
DA:39,0
DA:40,0
DA:42,0
DA:44,0
DA:45,0
DA:46,0
DA:47,0
DA:48,0
DA:49,0
DA:50,2
DA:51,2
DA:52,2
DA:53,2
DA:54,2
DA:56,2
DA:57,2
DA:59,2
DA:60,1
DA:61,1
DA:63,2
DA:64,2
DA:65,2
DA:66,2
DA:68,2
DA:69,2
DA:70,2
DA:71,2
DA:72,2
DA:73,2
DA:74,2
DA:75,2
DA:76,2
DA:77,2
DA:79,2
DA:81,2
DA:82,2
DA:83,2
DA:84,2
DA:85,2
DA:86,2
DA:87,2
DA:89,2
DA:90,2
DA:91,2
DA:93,2
DA:95,2
DA:96,2
DA:97,2
DA:100,2
DA:101,2
DA:102,2
DA:103,2
DA:107,2
DA:108,2
DA:109,2
DA:110,2
DA:111,2
DA:112,2
DA:113,2
DA:114,2
DA:117,2
DA:118,2
DA:119,2
DA:120,2
DA:121,2
DA:129,2
DA:130,2
DA:134,2
DA:136,1
LF:93
LH:79
BRDA:18,0,0,2
BRDA:25,1,0,2
BRDA:26,2,0,2
BRDA:31,3,0,0
BRDA:59,4,0,1
BRF:5
BRH:4
end_of_record
TN:
SF:pages\Dashboard.jsx
FN:4,Dashboard
FN:5,handleNavigate
FN:13,onClick
FN:16,onClick
FN:19,onClick
FN:22,onClick
FN:25,onClick
FN:28,onClick
FNF:8
FNH:8
FNDA:2,Dashboard
FNDA:6,handleNavigate
FNDA:1,onClick
FNDA:1,onClick
FNDA:1,onClick
FNDA:1,onClick
FNDA:1,onClick
FNDA:1,onClick
DA:1,1
DA:2,1
DA:4,1
DA:5,2
DA:6,6
DA:7,6
DA:9,2
DA:10,2
DA:11,2
DA:12,2
DA:13,2
DA:16,2
DA:19,2
DA:22,2
DA:25,2
DA:28,2
DA:34,2
DA:36,1
LF:18
LH:18
BRDA:4,0,0,2
BRDA:5,1,0,6
BRDA:13,2,0,1
BRDA:16,3,0,1
BRDA:19,4,0,1
BRDA:22,5,0,1
BRDA:25,6,0,1
BRDA:28,7,0,1
BRF:8
BRH:8
end_of_record
TN:
SF:pages\Login.jsx
FN:6,Login
FN:12,handleChange
FN:16,handleSubmit
FNF:3
FNH:3
FNDA:9,Login
FNDA:4,handleChange
FNDA:1,handleSubmit
DA:1,1
DA:2,1
DA:3,1
DA:4,1
DA:6,1
DA:7,9
DA:8,9
DA:9,9
DA:10,9
DA:12,9
DA:13,4
DA:14,4
DA:16,9
DA:17,1
DA:18,1
DA:19,1
DA:21,1
DA:22,1
DA:24,1
DA:25,1
DA:26,1
DA:27,1
DA:29,1
DA:30,1
DA:31,0
DA:32,1
DA:33,1
DA:34,1
DA:36,1
DA:37,0
DA:38,1
DA:39,1
DA:40,1
DA:41,1
DA:44,9
DA:45,9
DA:46,9
DA:47,9
DA:48,9
DA:49,9
DA:51,9
DA:53,9
DA:54,9
DA:55,9
DA:59,9
DA:62,9
DA:64,1
LF:47
LH:45
BRDA:6,0,0,9
BRDA:55,1,0,1
BRDA:55,2,0,8
BRDA:12,3,0,4
BRDA:16,4,0,1
BRDA:30,5,0,0
BRDA:36,6,0,0
BRF:7
BRH:5
end_of_record
TN:
SF:pages\Register.jsx
FN:6,Register
FN:10,handleChange
FN:20,handleSubmit
FNF:3
FNH:3
FNDA:9,Register
FNDA:6,handleChange
FNDA:2,handleSubmit
DA:1,1
DA:2,1
DA:3,1
DA:4,1
DA:6,1
DA:7,9
DA:8,9
DA:10,9
DA:11,6
DA:13,6
DA:14,0
DA:15,6
DA:16,6
DA:17,6
DA:18,6
DA:20,9
DA:21,2
DA:22,2
DA:23,2
DA:24,1
DA:25,1
DA:26,1
DA:27,1
DA:28,1
DA:29,2
DA:31,9
DA:32,9
DA:33,9
DA:34,9
DA:35,9
DA:36,9
DA:37,9
DA:39,9
DA:40,9
DA:44,9
DA:46,9
DA:49,9
DA:51,1
LF:38
LH:37
BRDA:6,0,0,9
BRDA:10,1,0,6
BRDA:13,2,0,0
BRDA:20,3,0,2
BRDA:23,4,0,1
BRDA:27,5,0,0
BRF:6
BRH:4
end_of_record
TN:
SF:pages\ReportFound.jsx
FN:6,ReportFound
FN:17,handleChange
FN:21,handleFileChange
FN:25,handleSubmit
FN:69,onClick
FNF:5
FNH:4
FNDA:7,ReportFound
FNDA:4,handleChange
FNDA:1,handleFileChange
FNDA:1,handleSubmit
FNDA:0,onClick
DA:1,1
DA:2,1
DA:3,1
DA:4,1
DA:6,1
DA:7,7
DA:8,7
DA:9,7
DA:10,7
DA:11,7
DA:12,7
DA:13,7
DA:15,7
DA:17,7
DA:18,4
DA:19,4
DA:21,7
DA:22,1
DA:23,1
DA:25,7
DA:26,1
DA:28,1
DA:29,1
DA:30,0
DA:31,0
DA:32,0
DA:33,0
DA:35,1
DA:36,1
DA:37,1
DA:38,1
DA:39,1
DA:40,1
DA:41,1
DA:42,1
DA:44,1
DA:45,1
DA:46,1
DA:48,1
DA:49,1
DA:50,1
DA:51,0
DA:52,0
DA:53,1
DA:55,7
DA:56,7
DA:57,7
DA:58,7
DA:59,7
DA:60,7
DA:61,7
DA:62,7
DA:63,7
DA:65,7
DA:67,7
DA:68,7
DA:69,7
DA:74,7
DA:76,1
LF:59
LH:53
BRDA:6,0,0,7
BRDA:17,1,0,4
BRDA:21,2,0,1
BRDA:25,3,0,1
BRDA:29,4,0,0
BRDA:50,5,0,0
BRF:6
BRH:4
end_of_record
TN:
SF:pages\ReportLost.jsx
FN:6,ReportLost
FN:17,handleChange
FN:21,handleFileChange
FN:25,handleSubmit
FN:69,onClick
FNF:5
FNH:4
FNDA:7,ReportLost
FNDA:4,handleChange
FNDA:1,handleFileChange
FNDA:1,handleSubmit
FNDA:0,onClick
DA:1,1
DA:2,1
DA:3,1
DA:4,1
DA:6,1
DA:7,7
DA:8,7
DA:9,7
DA:10,7
DA:11,7
DA:12,7
DA:13,7
DA:15,7
DA:17,7
DA:18,4
DA:19,4
DA:21,7
DA:22,1
DA:23,1
DA:25,7
DA:26,1
DA:28,1
DA:29,1
DA:30,0
DA:31,0
DA:32,0
DA:33,0
DA:35,1
DA:36,1
DA:37,1
DA:38,1
DA:39,1
DA:40,1
DA:41,1
DA:42,1
DA:44,1
DA:45,1
DA:46,1
DA:48,1
DA:49,1
DA:50,1
DA:51,0
DA:52,0
DA:53,1
DA:55,7
DA:56,7
DA:57,7
DA:58,7
DA:59,7
DA:60,7
DA:61,7
DA:62,7
DA:63,7
DA:65,7
DA:67,7
DA:68,7
DA:69,7
DA:74,7
DA:76,1
LF:59
LH:53
BRDA:6,0,0,7
BRDA:17,1,0,4
BRDA:21,2,0,1
BRDA:25,3,0,1
BRDA:29,4,0,0
BRDA:50,5,0,0
BRF:6
BRH:4
end_of_record
TN:
SF:pages\SearchForFoundItem.jsx
FN:6,SearchForFoundItem
FN:16,fetchFoundItems
FN:29,handleSelect
FN:36,handleBackClick
FNF:4
FNH:3
FNDA:5,SearchForFoundItem
FNDA:2,fetchFoundItems
FNDA:1,handleSelect
FNDA:0,handleBackClick
DA:1,1
DA:2,1
DA:3,1
DA:4,1
DA:6,1
DA:7,5
DA:8,5
DA:9,5
DA:10,5
DA:12,5
DA:14,5
DA:15,5
DA:16,2
DA:17,2
DA:18,2
DA:19,1
DA:20,1
DA:21,1
DA:22,1
DA:23,1
DA:24,2
DA:25,2
DA:26,5
DA:28,5
DA:29,5
DA:30,1
DA:31,1
DA:32,1
DA:33,1
DA:35,5
DA:36,5
DA:37,0
DA:38,0
DA:39,0
DA:41,5
DA:42,5
DA:43,5
DA:46,5
DA:47,5
DA:48,5
DA:49,5
DA:51,5
DA:52,5
DA:53,5
DA:54,5
DA:59,5
DA:60,5
DA:61,5
DA:62,5
DA:63,5
DA:70,5
DA:71,5
DA:72,5
DA:73,5
DA:74,5
DA:75,5
DA:76,5
DA:77,5
DA:78,5
DA:79,5
DA:80,5
DA:81,5
DA:82,5
DA:83,5
DA:93,5
DA:96,5
DA:98,1
LF:67
LH:64
BRDA:6,0,0,5
BRDA:49,1,0,1
BRDA:49,2,0,4
BRDA:15,3,0,2
BRDA:16,4,0,2
BRDA:18,5,0,1
BRDA:29,6,0,1
BRDA:31,7,0,2
BRF:8
BRH:8
end_of_record
TN:
SF:pages\SearchForLostItem.jsx
FN:6,SearchForLostItem
FN:16,fetchLostItems
FN:29,handleSelect
FN:36,handleSearch
FN:39,fetchFilteredItems
FN:52,handleBackClick
FNF:6
FNH:6
FNDA:15,SearchForLostItem
FNDA:6,fetchLostItems
FNDA:1,handleSelect
FNDA:1,handleSearch
FNDA:1,fetchFilteredItems
FNDA:1,handleBackClick
DA:1,1
DA:2,1
DA:3,1
DA:4,1
DA:6,1
DA:7,15
DA:8,15
DA:9,15
DA:10,15
DA:12,15
DA:14,15
DA:15,15
DA:16,6
DA:17,6
DA:18,6
DA:19,5
DA:20,6
DA:21,1
DA:22,1
DA:23,1
DA:24,6
DA:25,6
DA:26,15
DA:28,15
DA:29,15
DA:30,1
DA:31,1
DA:32,1
DA:33,1
DA:35,15
DA:36,15
DA:37,1
DA:38,1
DA:39,1
DA:40,1
DA:41,1
DA:42,1
DA:43,1
DA:44,0
DA:45,0
DA:46,0
DA:47,1
DA:48,1
DA:49,1
DA:51,15
DA:52,15
DA:53,1
DA:54,1
DA:55,1
DA:57,15
DA:58,15
DA:59,15
DA:62,15
DA:63,15
DA:64,15
DA:65,15
DA:66,15
DA:67,15
DA:71,15
DA:72,15
DA:73,15
DA:75,15
DA:76,15
DA:77,15
DA:78,15
DA:83,15
DA:84,15
DA:85,15
DA:86,15
DA:87,15
DA:94,15
DA:95,15
DA:96,15
DA:97,15
DA:98,15
DA:99,15
DA:100,15
DA:101,15
DA:102,15
DA:103,15
DA:104,15
DA:105,15
DA:106,15
DA:107,15
DA:116,15
DA:119,15
DA:121,1
LF:87
LH:84
BRDA:6,0,0,15
BRDA:73,1,0,1
BRDA:73,2,0,14
BRDA:15,3,0,6
BRDA:16,4,0,6
BRDA:18,5,0,5
BRDA:20,6,0,1
BRDA:29,7,0,1
BRDA:31,8,0,1
BRDA:36,9,0,1
BRDA:39,10,0,1
BRDA:43,11,0,0
BRDA:52,12,0,1
BRF:13
BRH:12
end_of_record
TN:
SF:pages\SendAnnouncement.jsx
FN:6,SendAnnouncement
FN:11,handleSubmit
FN:31,onChange
FN:37,onChange
FNF:4
FNH:4
FNDA:7,SendAnnouncement
FNDA:2,handleSubmit
FNDA:2,onChange
FNDA:2,onChange
DA:1,1
DA:2,1
DA:3,1
DA:4,1
DA:6,1
DA:7,7
DA:8,7
DA:9,7
DA:11,7
DA:12,2
DA:13,2
DA:14,2
DA:15,1
DA:16,1
DA:17,1
DA:18,1
DA:19,1
DA:20,1
DA:21,2
DA:23,7
DA:24,7
DA:25,7
DA:26,7
DA:27,7
DA:28,7
DA:29,7
DA:30,7
DA:31,7
DA:32,7
DA:34,7
DA:35,7
DA:36,7
DA:37,7
DA:38,7
DA:39,7
DA:41,7
DA:45,7
DA:47,1
LF:38
LH:38
BRDA:6,0,0,7
BRDA:11,1,0,2
BRDA:14,2,0,1
BRDA:31,3,0,2
BRDA:37,4,0,2
BRF:5
BRH:5
end_of_record
TN:
SF:pages\UserAnnouncements.jsx
FN:5,UserAnnouncements
FN:10,fetchAnnouncements
FN:21,handleMarkAsRead
FN:42,onClick
FNF:4
FNH:4
FNDA:4,UserAnnouncements
FNDA:2,fetchAnnouncements
FNDA:1,handleMarkAsRead
FNDA:1,onClick
DA:1,1
DA:2,1
DA:3,1
DA:5,1
DA:6,4
DA:7,4
DA:9,4
DA:10,2
DA:11,2
DA:12,2
DA:13,2
DA:14,2
DA:15,0
DA:16,0
DA:17,2
DA:18,2
DA:19,4
DA:21,4
DA:22,1
DA:23,1
DA:24,1
DA:25,1
DA:26,0
DA:27,0
DA:28,1
DA:30,4
DA:31,4
DA:32,4
DA:33,4
DA:34,3
DA:36,4
DA:37,4
DA:38,4
DA:39,4
DA:40,4
DA:41,4
DA:42,4
DA:51,4
DA:53,1
LF:39
LH:35
BRDA:5,0,0,4
BRDA:33,1,0,3
BRDA:9,2,0,2
BRDA:10,3,0,2
BRDA:14,4,0,0
BRDA:21,5,0,1
BRDA:25,6,0,0
BRDA:24,7,0,1
BRDA:24,8,0,1
BRDA:42,9,0,1
BRF:10
BRH:8
end_of_record
TN:
SF:pages\ViewClaimHistory.jsx
FN:6,ViewClaimHistory
FN:12,fetchMatches
FN:25,handleBackClick
FNF:3
FNH:3
FNDA:6,ViewClaimHistory
FNDA:3,fetchMatches
FNDA:1,handleBackClick
DA:1,1
DA:2,1
DA:3,1
DA:4,1
DA:6,1
DA:7,6
DA:8,6
DA:9,6
DA:11,6
DA:12,3
DA:13,3
DA:14,3
DA:15,3
DA:16,3
DA:17,0
DA:18,0
DA:19,0
DA:20,3
DA:22,3
DA:23,6
DA:25,6
DA:26,1
DA:27,1
DA:29,6
DA:30,6
DA:31,6
DA:32,6
DA:33,6
DA:34,5
DA:36,6
DA:37,6
DA:38,6
DA:39,6
DA:40,6
DA:41,6
DA:42,6
DA:43,6
DA:44,6
DA:47,6
DA:48,6
DA:49,6
DA:50,6
DA:51,6
DA:52,6
DA:53,6
DA:54,6
DA:61,6
DA:62,6
DA:66,6
DA:68,1
LF:50
LH:47
BRDA:6,0,0,6
BRDA:33,1,0,5
BRDA:11,2,0,3
BRDA:12,3,0,3
BRDA:16,4,0,0
BRDA:25,5,0,1
BRDA:50,6,0,0
BRDA:51,7,0,0
BRF:8
BRH:5
end_of_record
